This is pdfTeX, Version 3.14159265-2.6-1.40.19 (MiKTeX 2.9.6840 64-bit) (preloaded format=pdflatex 2018.12.2)  10 MAR 2019 23:56
entering extended mode
**./072BME603.tex
(072BME603.tex
LaTeX2e <2018-04-01> patch level 5

("C:\Users\Aditya Anurag\AppData\Local\Programs\MiKTeX 2.9\tex\latex\base\artic
le.cls"
Document Class: article 2014/09/29 v1.4h Standard LaTeX document class

("C:\Users\Aditya Anurag\AppData\Local\Programs\MiKTeX 2.9\tex\latex\base\size1
1.clo"
File: size11.clo 2014/09/29 v1.4h Standard LaTeX file (size option)
)
\c@part=\count80
\c@section=\count81
\c@subsection=\count82
\c@subsubsection=\count83
\c@paragraph=\count84
\c@subparagraph=\count85
\c@figure=\count86
\c@table=\count87
\abovecaptionskip=\skip41
\belowcaptionskip=\skip42
\bibindent=\dimen102
)
("C:\Users\Aditya Anurag\AppData\Local\Programs\MiKTeX 2.9\tex\latex\geometry\g
eometry.sty"
Package: geometry 2018/04/16 v5.8 Page Geometry

("C:\Users\Aditya Anurag\AppData\Local\Programs\MiKTeX 2.9\tex\latex\graphics\k
eyval.sty"
Package: keyval 2014/10/28 v1.15 key=value parser (DPC)
\KV@toks@=\toks14
)
("C:\Users\Aditya Anurag\AppData\Local\Programs\MiKTeX 2.9\tex\generic\oberdiek
\ifpdf.sty"
Package: ifpdf 2018/09/07 v3.3 Provides the ifpdf switch
)
("C:\Users\Aditya Anurag\AppData\Local\Programs\MiKTeX 2.9\tex\generic\oberdiek
\ifvtex.sty"
Package: ifvtex 2016/05/16 v1.6 Detect VTeX and its facilities (HO)
Package ifvtex Info: VTeX not detected.
)
("C:\Users\Aditya Anurag\AppData\Local\Programs\MiKTeX 2.9\tex\generic\ifxetex\
ifxetex.sty"
Package: ifxetex 2010/09/12 v0.6 Provides ifxetex conditional
)
\Gm@cnth=\count88
\Gm@cntv=\count89
\c@Gm@tempcnt=\count90
\Gm@bindingoffset=\dimen103
\Gm@wd@mp=\dimen104
\Gm@odd@mp=\dimen105
\Gm@even@mp=\dimen106
\Gm@layoutwidth=\dimen107
\Gm@layoutheight=\dimen108
\Gm@layouthoffset=\dimen109
\Gm@layoutvoffset=\dimen110
\Gm@dimlist=\toks15

("C:\Users\Aditya Anurag\AppData\Local\Programs\MiKTeX 2.9\tex\latex\geometry\g
eometry.cfg"))
("C:\Users\Aditya Anurag\AppData\Local\Programs\MiKTeX 2.9\tex\latex\amsfonts\a
msfonts.sty"
Package: amsfonts 2013/01/14 v3.01 Basic AMSFonts support
\@emptytoks=\toks16
\symAMSa=\mathgroup4
\symAMSb=\mathgroup5
LaTeX Font Info:    Overwriting math alphabet `\mathfrak' in version `bold'
(Font)                  U/euf/m/n --> U/euf/b/n on input line 106.
)
("C:\Users\Aditya Anurag\AppData\Local\Programs\MiKTeX 2.9\tex\latex\graphics\g
raphicx.sty"
Package: graphicx 2017/06/01 v1.1a Enhanced LaTeX Graphics (DPC,SPQR)

("C:\Users\Aditya Anurag\AppData\Local\Programs\MiKTeX 2.9\tex\latex\graphics\g
raphics.sty"
Package: graphics 2017/06/25 v1.2c Standard LaTeX Graphics (DPC,SPQR)

("C:\Users\Aditya Anurag\AppData\Local\Programs\MiKTeX 2.9\tex\latex\graphics\t
rig.sty"
Package: trig 2016/01/03 v1.10 sin cos tan (DPC)
)
("C:\Users\Aditya Anurag\AppData\Local\Programs\MiKTeX 2.9\tex\latex\graphics-c
fg\graphics.cfg"
File: graphics.cfg 2016/06/04 v1.11 sample graphics configuration
)
Package graphics Info: Driver file: pdftex.def on input line 99.

("C:\Users\Aditya Anurag\AppData\Local\Programs\MiKTeX 2.9\tex\latex\graphics-d
ef\pdftex.def"
File: pdftex.def 2018/01/08 v1.0l Graphics/color driver for pdftex
))
\Gin@req@height=\dimen111
\Gin@req@width=\dimen112
)
("C:\Users\Aditya Anurag\AppData\Local\Programs\MiKTeX 2.9\tex\latex\float\floa
t.sty"
Package: float 2001/11/08 v1.3d Float enhancements (AL)
\c@float@type=\count91
\float@exts=\toks17
\float@box=\box26
\@float@everytoks=\toks18
\@floatcapt=\box27
)
("C:\Users\Aditya Anurag\AppData\Local\Programs\MiKTeX 2.9\tex\latex\tocbibind\
tocbibind.sty"
Package: tocbibind 2010/10/13 v1.5k extra ToC listings
Package tocbibind Info: The document has section divisions on input line 50.


Package tocbibind Note: Using section or other style headings.

)
("C:\Users\Aditya Anurag\AppData\Local\Programs\MiKTeX 2.9\tex\latex\pgf\fronte
ndlayer\tikz.sty"
("C:\Users\Aditya Anurag\AppData\Local\Programs\MiKTeX 2.9\tex\latex\pgf\basicl
ayer\pgf.sty"
("C:\Users\Aditya Anurag\AppData\Local\Programs\MiKTeX 2.9\tex\latex\pgf\utilit
ies\pgfrcs.sty"
("C:\Users\Aditya Anurag\AppData\Local\Programs\MiKTeX 2.9\tex\generic\pgf\util
ities\pgfutil-common.tex"
\pgfutil@everybye=\toks19
\pgfutil@tempdima=\dimen113
\pgfutil@tempdimb=\dimen114

("C:\Users\Aditya Anurag\AppData\Local\Programs\MiKTeX 2.9\tex\generic\pgf\util
ities\pgfutil-common-lists.tex"))
("C:\Users\Aditya Anurag\AppData\Local\Programs\MiKTeX 2.9\tex\generic\pgf\util
ities\pgfutil-latex.def"
\pgfutil@abb=\box28

("C:\Users\Aditya Anurag\AppData\Local\Programs\MiKTeX 2.9\tex\latex\ms\everysh
i.sty"
Package: everyshi 2001/05/15 v3.00 EveryShipout Package (MS)
))
("C:\Users\Aditya Anurag\AppData\Local\Programs\MiKTeX 2.9\tex\generic\pgf\util
ities\pgfrcs.code.tex"
("C:\Users\Aditya Anurag\AppData\Local\Programs\MiKTeX 2.9\tex\generic\pgf\pgf.
revision.tex")
Package: pgfrcs 2019/02/02 v3.1.1 (3.1.1)
))
Package: pgf 2019/02/02 v3.1.1 (3.1.1)

("C:\Users\Aditya Anurag\AppData\Local\Programs\MiKTeX 2.9\tex\latex\pgf\basicl
ayer\pgfcore.sty"
("C:\Users\Aditya Anurag\AppData\Local\Programs\MiKTeX 2.9\tex\latex\pgf\system
layer\pgfsys.sty"
("C:\Users\Aditya Anurag\AppData\Local\Programs\MiKTeX 2.9\tex\generic\pgf\syst
emlayer\pgfsys.code.tex"
Package: pgfsys 2019/02/02 v3.1.1 (3.1.1)

("C:\Users\Aditya Anurag\AppData\Local\Programs\MiKTeX 2.9\tex\generic\pgf\util
ities\pgfkeys.code.tex"
\pgfkeys@pathtoks=\toks20
\pgfkeys@temptoks=\toks21

("C:\Users\Aditya Anurag\AppData\Local\Programs\MiKTeX 2.9\tex\generic\pgf\util
ities\pgfkeysfiltered.code.tex"
\pgfkeys@tmptoks=\toks22
))
\pgf@x=\dimen115
\pgf@y=\dimen116
\pgf@xa=\dimen117
\pgf@ya=\dimen118
\pgf@xb=\dimen119
\pgf@yb=\dimen120
\pgf@xc=\dimen121
\pgf@yc=\dimen122
\w@pgf@writea=\write3
\r@pgf@reada=\read1
\c@pgf@counta=\count92
\c@pgf@countb=\count93
\c@pgf@countc=\count94
\c@pgf@countd=\count95
\t@pgf@toka=\toks23
\t@pgf@tokb=\toks24
\t@pgf@tokc=\toks25
\pgf@sys@id@count=\count96

("C:\Users\Aditya Anurag\AppData\Local\Programs\MiKTeX 2.9\tex\generic\pgf\syst
emlayer\pgf.cfg"
File: pgf.cfg 2019/02/02 v3.1.1 (3.1.1)
)
Driver file for pgf: pgfsys-pdftex.def

("C:\Users\Aditya Anurag\AppData\Local\Programs\MiKTeX 2.9\tex\generic\pgf\syst
emlayer\pgfsys-pdftex.def"
File: pgfsys-pdftex.def 2019/02/02 v3.1.1 (3.1.1)

("C:\Users\Aditya Anurag\AppData\Local\Programs\MiKTeX 2.9\tex\generic\pgf\syst
emlayer\pgfsys-common-pdf.def"
File: pgfsys-common-pdf.def 2019/02/02 v3.1.1 (3.1.1)
)))
("C:\Users\Aditya Anurag\AppData\Local\Programs\MiKTeX 2.9\tex\generic\pgf\syst
emlayer\pgfsyssoftpath.code.tex"
File: pgfsyssoftpath.code.tex 2019/02/02 v3.1.1 (3.1.1)
\pgfsyssoftpath@smallbuffer@items=\count97
\pgfsyssoftpath@bigbuffer@items=\count98
)
("C:\Users\Aditya Anurag\AppData\Local\Programs\MiKTeX 2.9\tex\generic\pgf\syst
emlayer\pgfsysprotocol.code.tex"
File: pgfsysprotocol.code.tex 2019/02/02 v3.1.1 (3.1.1)
))
("C:\Users\Aditya Anurag\AppData\Local\Programs\MiKTeX 2.9\tex\latex\xcolor\xco
lor.sty"
Package: xcolor 2016/05/11 v2.12 LaTeX color extensions (UK)

("C:\Users\Aditya Anurag\AppData\Local\Programs\MiKTeX 2.9\tex\latex\graphics-c
fg\color.cfg"
File: color.cfg 2016/01/02 v1.6 sample color configuration
)
Package xcolor Info: Driver file: pdftex.def on input line 225.
Package xcolor Info: Model `cmy' substituted by `cmy0' on input line 1348.
Package xcolor Info: Model `hsb' substituted by `rgb' on input line 1352.
Package xcolor Info: Model `RGB' extended on input line 1364.
Package xcolor Info: Model `HTML' substituted by `rgb' on input line 1366.
Package xcolor Info: Model `Hsb' substituted by `hsb' on input line 1367.
Package xcolor Info: Model `tHsb' substituted by `hsb' on input line 1368.
Package xcolor Info: Model `HSB' substituted by `hsb' on input line 1369.
Package xcolor Info: Model `Gray' substituted by `gray' on input line 1370.
Package xcolor Info: Model `wave' substituted by `hsb' on input line 1371.
)
("C:\Users\Aditya Anurag\AppData\Local\Programs\MiKTeX 2.9\tex\generic\pgf\basi
clayer\pgfcore.code.tex"
Package: pgfcore 2019/02/02 v3.1.1 (3.1.1)

("C:\Users\Aditya Anurag\AppData\Local\Programs\MiKTeX 2.9\tex\generic\pgf\math
\pgfmath.code.tex"
("C:\Users\Aditya Anurag\AppData\Local\Programs\MiKTeX 2.9\tex\generic\pgf\math
\pgfmathcalc.code.tex"
("C:\Users\Aditya Anurag\AppData\Local\Programs\MiKTeX 2.9\tex\generic\pgf\math
\pgfmathutil.code.tex")
("C:\Users\Aditya Anurag\AppData\Local\Programs\MiKTeX 2.9\tex\generic\pgf\math
\pgfmathparser.code.tex"
\pgfmath@dimen=\dimen123
\pgfmath@count=\count99
\pgfmath@box=\box29
\pgfmath@toks=\toks26
\pgfmath@stack@operand=\toks27
\pgfmath@stack@operation=\toks28
)
("C:\Users\Aditya Anurag\AppData\Local\Programs\MiKTeX 2.9\tex\generic\pgf\math
\pgfmathfunctions.code.tex"
("C:\Users\Aditya Anurag\AppData\Local\Programs\MiKTeX 2.9\tex\generic\pgf\math
\pgfmathfunctions.basic.code.tex")
("C:\Users\Aditya Anurag\AppData\Local\Programs\MiKTeX 2.9\tex\generic\pgf\math
\pgfmathfunctions.trigonometric.code.tex")
("C:\Users\Aditya Anurag\AppData\Local\Programs\MiKTeX 2.9\tex\generic\pgf\math
\pgfmathfunctions.random.code.tex")
("C:\Users\Aditya Anurag\AppData\Local\Programs\MiKTeX 2.9\tex\generic\pgf\math
\pgfmathfunctions.comparison.code.tex")
("C:\Users\Aditya Anurag\AppData\Local\Programs\MiKTeX 2.9\tex\generic\pgf\math
\pgfmathfunctions.base.code.tex")
("C:\Users\Aditya Anurag\AppData\Local\Programs\MiKTeX 2.9\tex\generic\pgf\math
\pgfmathfunctions.round.code.tex")
("C:\Users\Aditya Anurag\AppData\Local\Programs\MiKTeX 2.9\tex\generic\pgf\math
\pgfmathfunctions.misc.code.tex")
("C:\Users\Aditya Anurag\AppData\Local\Programs\MiKTeX 2.9\tex\generic\pgf\math
\pgfmathfunctions.integerarithmetics.code.tex")))
("C:\Users\Aditya Anurag\AppData\Local\Programs\MiKTeX 2.9\tex\generic\pgf\math
\pgfmathfloat.code.tex"
\c@pgfmathroundto@lastzeros=\count100
))
("C:\Users\Aditya Anurag\AppData\Local\Programs\MiKTeX 2.9\tex\generic\pgf\basi
clayer\pgfcorepoints.code.tex"
File: pgfcorepoints.code.tex 2019/02/02 v3.1.1 (3.1.1)
\pgf@picminx=\dimen124
\pgf@picmaxx=\dimen125
\pgf@picminy=\dimen126
\pgf@picmaxy=\dimen127
\pgf@pathminx=\dimen128
\pgf@pathmaxx=\dimen129
\pgf@pathminy=\dimen130
\pgf@pathmaxy=\dimen131
\pgf@xx=\dimen132
\pgf@xy=\dimen133
\pgf@yx=\dimen134
\pgf@yy=\dimen135
\pgf@zx=\dimen136
\pgf@zy=\dimen137
)
("C:\Users\Aditya Anurag\AppData\Local\Programs\MiKTeX 2.9\tex\generic\pgf\basi
clayer\pgfcorepathconstruct.code.tex"
File: pgfcorepathconstruct.code.tex 2019/02/02 v3.1.1 (3.1.1)
\pgf@path@lastx=\dimen138
\pgf@path@lasty=\dimen139
)
("C:\Users\Aditya Anurag\AppData\Local\Programs\MiKTeX 2.9\tex\generic\pgf\basi
clayer\pgfcorepathusage.code.tex"
File: pgfcorepathusage.code.tex 2019/02/02 v3.1.1 (3.1.1)
\pgf@shorten@end@additional=\dimen140
\pgf@shorten@start@additional=\dimen141
)
("C:\Users\Aditya Anurag\AppData\Local\Programs\MiKTeX 2.9\tex\generic\pgf\basi
clayer\pgfcorescopes.code.tex"
File: pgfcorescopes.code.tex 2019/02/02 v3.1.1 (3.1.1)
\pgfpic=\box30
\pgf@hbox=\box31
\pgf@layerbox@main=\box32
\pgf@picture@serial@count=\count101
)
("C:\Users\Aditya Anurag\AppData\Local\Programs\MiKTeX 2.9\tex\generic\pgf\basi
clayer\pgfcoregraphicstate.code.tex"
File: pgfcoregraphicstate.code.tex 2019/02/02 v3.1.1 (3.1.1)
\pgflinewidth=\dimen142
)
("C:\Users\Aditya Anurag\AppData\Local\Programs\MiKTeX 2.9\tex\generic\pgf\basi
clayer\pgfcoretransformations.code.tex"
File: pgfcoretransformations.code.tex 2019/02/02 v3.1.1 (3.1.1)
\pgf@pt@x=\dimen143
\pgf@pt@y=\dimen144
\pgf@pt@temp=\dimen145
)
("C:\Users\Aditya Anurag\AppData\Local\Programs\MiKTeX 2.9\tex\generic\pgf\basi
clayer\pgfcorequick.code.tex"
File: pgfcorequick.code.tex 2019/02/02 v3.1.1 (3.1.1)
)
("C:\Users\Aditya Anurag\AppData\Local\Programs\MiKTeX 2.9\tex\generic\pgf\basi
clayer\pgfcoreobjects.code.tex"
File: pgfcoreobjects.code.tex 2019/02/02 v3.1.1 (3.1.1)
)
("C:\Users\Aditya Anurag\AppData\Local\Programs\MiKTeX 2.9\tex\generic\pgf\basi
clayer\pgfcorepathprocessing.code.tex"
File: pgfcorepathprocessing.code.tex 2019/02/02 v3.1.1 (3.1.1)
)
("C:\Users\Aditya Anurag\AppData\Local\Programs\MiKTeX 2.9\tex\generic\pgf\basi
clayer\pgfcorearrows.code.tex"
File: pgfcorearrows.code.tex 2019/02/02 v3.1.1 (3.1.1)
\pgfarrowsep=\dimen146
)
("C:\Users\Aditya Anurag\AppData\Local\Programs\MiKTeX 2.9\tex\generic\pgf\basi
clayer\pgfcoreshade.code.tex"
File: pgfcoreshade.code.tex 2019/02/02 v3.1.1 (3.1.1)
\pgf@max=\dimen147
\pgf@sys@shading@range@num=\count102
)
("C:\Users\Aditya Anurag\AppData\Local\Programs\MiKTeX 2.9\tex\generic\pgf\basi
clayer\pgfcoreimage.code.tex"
File: pgfcoreimage.code.tex 2019/02/02 v3.1.1 (3.1.1)

("C:\Users\Aditya Anurag\AppData\Local\Programs\MiKTeX 2.9\tex\generic\pgf\basi
clayer\pgfcoreexternal.code.tex"
File: pgfcoreexternal.code.tex 2019/02/02 v3.1.1 (3.1.1)
\pgfexternal@startupbox=\box33
))
("C:\Users\Aditya Anurag\AppData\Local\Programs\MiKTeX 2.9\tex\generic\pgf\basi
clayer\pgfcorelayers.code.tex"
File: pgfcorelayers.code.tex 2019/02/02 v3.1.1 (3.1.1)
)
("C:\Users\Aditya Anurag\AppData\Local\Programs\MiKTeX 2.9\tex\generic\pgf\basi
clayer\pgfcoretransparency.code.tex"
File: pgfcoretransparency.code.tex 2019/02/02 v3.1.1 (3.1.1)
)
("C:\Users\Aditya Anurag\AppData\Local\Programs\MiKTeX 2.9\tex\generic\pgf\basi
clayer\pgfcorepatterns.code.tex"
File: pgfcorepatterns.code.tex 2019/02/02 v3.1.1 (3.1.1)
)
("C:\Users\Aditya Anurag\AppData\Local\Programs\MiKTeX 2.9\tex\generic\pgf\basi
clayer\pgfcorerdf.code.tex"
File: pgfcorerdf.code.tex 2019/02/02 v3.1.1 (3.1.1)
)))
("C:\Users\Aditya Anurag\AppData\Local\Programs\MiKTeX 2.9\tex\generic\pgf\modu
les\pgfmoduleshapes.code.tex"
File: pgfmoduleshapes.code.tex 2019/02/02 v3.1.1 (3.1.1)
\pgfnodeparttextbox=\box34
)
("C:\Users\Aditya Anurag\AppData\Local\Programs\MiKTeX 2.9\tex\generic\pgf\modu
les\pgfmoduleplot.code.tex"
File: pgfmoduleplot.code.tex 2019/02/02 v3.1.1 (3.1.1)
)
("C:\Users\Aditya Anurag\AppData\Local\Programs\MiKTeX 2.9\tex\latex\pgf\compat
ibility\pgfcomp-version-0-65.sty"
Package: pgfcomp-version-0-65 2019/02/02 v3.1.1 (3.1.1)
\pgf@nodesepstart=\dimen148
\pgf@nodesepend=\dimen149
)
("C:\Users\Aditya Anurag\AppData\Local\Programs\MiKTeX 2.9\tex\latex\pgf\compat
ibility\pgfcomp-version-1-18.sty"
Package: pgfcomp-version-1-18 2019/02/02 v3.1.1 (3.1.1)
))
("C:\Users\Aditya Anurag\AppData\Local\Programs\MiKTeX 2.9\tex\latex\pgf\utilit
ies\pgffor.sty"
("C:\Users\Aditya Anurag\AppData\Local\Programs\MiKTeX 2.9\tex\latex\pgf\utilit
ies\pgfkeys.sty"
("C:\Users\Aditya Anurag\AppData\Local\Programs\MiKTeX 2.9\tex\generic\pgf\util
ities\pgfkeys.code.tex"))
("C:\Users\Aditya Anurag\AppData\Local\Programs\MiKTeX 2.9\tex\latex\pgf\math\p
gfmath.sty"
("C:\Users\Aditya Anurag\AppData\Local\Programs\MiKTeX 2.9\tex\generic\pgf\math
\pgfmath.code.tex"))
("C:\Users\Aditya Anurag\AppData\Local\Programs\MiKTeX 2.9\tex\generic\pgf\util
ities\pgffor.code.tex"
Package: pgffor 2019/02/02 v3.1.1 (3.1.1)

("C:\Users\Aditya Anurag\AppData\Local\Programs\MiKTeX 2.9\tex\generic\pgf\math
\pgfmath.code.tex")
\pgffor@iter=\dimen150
\pgffor@skip=\dimen151
\pgffor@stack=\toks29
\pgffor@toks=\toks30
))
("C:\Users\Aditya Anurag\AppData\Local\Programs\MiKTeX 2.9\tex\generic\pgf\fron
tendlayer\tikz\tikz.code.tex"
Package: tikz 2019/02/02 v3.1.1 (3.1.1)

("C:\Users\Aditya Anurag\AppData\Local\Programs\MiKTeX 2.9\tex\generic\pgf\libr
aries\pgflibraryplothandlers.code.tex"
File: pgflibraryplothandlers.code.tex 2019/02/02 v3.1.1 (3.1.1)
\pgf@plot@mark@count=\count103
\pgfplotmarksize=\dimen152
)
\tikz@lastx=\dimen153
\tikz@lasty=\dimen154
\tikz@lastxsaved=\dimen155
\tikz@lastysaved=\dimen156
\tikzleveldistance=\dimen157
\tikzsiblingdistance=\dimen158
\tikz@figbox=\box35
\tikz@figbox@bg=\box36
\tikz@tempbox=\box37
\tikz@tempbox@bg=\box38
\tikztreelevel=\count104
\tikznumberofchildren=\count105
\tikznumberofcurrentchild=\count106
\tikz@fig@count=\count107

("C:\Users\Aditya Anurag\AppData\Local\Programs\MiKTeX 2.9\tex\generic\pgf\modu
les\pgfmodulematrix.code.tex"
File: pgfmodulematrix.code.tex 2019/02/02 v3.1.1 (3.1.1)
\pgfmatrixcurrentrow=\count108
\pgfmatrixcurrentcolumn=\count109
\pgf@matrix@numberofcolumns=\count110
)
\tikz@expandcount=\count111

("C:\Users\Aditya Anurag\AppData\Local\Programs\MiKTeX 2.9\tex\generic\pgf\fron
tendlayer\tikz\libraries\tikzlibrarytopaths.code.tex"
File: tikzlibrarytopaths.code.tex 2019/02/02 v3.1.1 (3.1.1)
)))
("C:\Users\Aditya Anurag\AppData\Local\Programs\MiKTeX 2.9\tex\latex\tools\arra
y.sty"
Package: array 2018/04/30 v2.4h Tabular extension package (FMi)
\col@sep=\dimen159
\ar@mcellbox=\box39
\extrarowheight=\dimen160
\NC@list=\toks31
\extratabsurround=\skip43
\backup@length=\skip44
\ar@cellbox=\box40
)
("C:\Users\Aditya Anurag\AppData\Local\Programs\MiKTeX 2.9\tex\latex\base\input
enc.sty"
Package: inputenc 2018/04/06 v1.3b Input encoding file
\inpenc@prehook=\toks32
\inpenc@posthook=\toks33
)
("C:\Users\Aditya Anurag\AppData\Local\Programs\MiKTeX 2.9\tex\generic\babel\ba
bel.sty"
Package: babel 2018/09/26 3.24 The Babel package

("C:\Users\Aditya Anurag\AppData\Local\Programs\MiKTeX 2.9\tex\generic\babel\sw
itch.def"
File: switch.def 2018/09/26 3.24 Babel switching mechanism
)
*************************************
* Local config file bblopts.cfg used
*

("C:\Users\Aditya Anurag\AppData\Local\Programs\MiKTeX 2.9\tex\latex\arabi\bblo
pts.cfg"
File: bblopts.cfg 2005/09/08 v0.1 add Arabic and Farsi to "declared" options of
 babel
)
("C:\Users\Aditya Anurag\AppData\Local\Programs\MiKTeX 2.9\tex\latex\babel-engl
ish\english.ldf"
Language: english 2017/06/06 v3.3r English support from the babel system

("C:\Users\Aditya Anurag\AppData\Local\Programs\MiKTeX 2.9\tex\generic\babel\ba
bel.def"
File: babel.def 2018/09/26 3.24 Babel common definitions
\babel@savecnt=\count112
\U@D=\dimen161

("C:\Users\Aditya Anurag\AppData\Local\Programs\MiKTeX 2.9\tex\generic\babel\tx
tbabel.def")
\bbl@dirlevel=\count113
)
\l@canadian = a dialect from \language\l@american 
\l@australian = a dialect from \language\l@british 
\l@newzealand = a dialect from \language\l@british 
))
("C:\Users\Aditya Anurag\AppData\Local\Programs\MiKTeX 2.9\tex\latex\hyperref\h
yperref.sty"
Package: hyperref 2018/09/30 v6.88a Hypertext links for LaTeX

("C:\Users\Aditya Anurag\AppData\Local\Programs\MiKTeX 2.9\tex\generic\oberdiek
\hobsub-hyperref.sty"
Package: hobsub-hyperref 2016/05/16 v1.14 Bundle oberdiek, subset hyperref (HO)


("C:\Users\Aditya Anurag\AppData\Local\Programs\MiKTeX 2.9\tex\generic\oberdiek
\hobsub-generic.sty"
Package: hobsub-generic 2016/05/16 v1.14 Bundle oberdiek, subset generic (HO)
Package: hobsub 2016/05/16 v1.14 Construct package bundles (HO)
Package: infwarerr 2016/05/16 v1.4 Providing info/warning/error messages (HO)
Package: ltxcmds 2016/05/16 v1.23 LaTeX kernel commands for general use (HO)
Package: ifluatex 2016/05/16 v1.4 Provides the ifluatex switch (HO)
Package ifluatex Info: LuaTeX not detected.
Package hobsub Info: Skipping package `ifvtex' (already loaded).
Package: intcalc 2016/05/16 v1.2 Expandable calculations with integers (HO)
Package hobsub Info: Skipping package `ifpdf' (already loaded).
Package: etexcmds 2016/05/16 v1.6 Avoid name clashes with e-TeX commands (HO)
Package etexcmds Info: Could not find \expanded.
(etexcmds)             That can mean that you are not using pdfTeX 1.50 or
(etexcmds)             that some package has redefined \expanded.
(etexcmds)             In the latter case, load this package earlier.
Package: kvsetkeys 2016/05/16 v1.17 Key value parser (HO)
Package: kvdefinekeys 2016/05/16 v1.4 Define keys (HO)
Package: pdftexcmds 2018/09/10 v0.29 Utility functions of pdfTeX for LuaTeX (HO
)
Package pdftexcmds Info: LuaTeX not detected.
Package pdftexcmds Info: \pdf@primitive is available.
Package pdftexcmds Info: \pdf@ifprimitive is available.
Package pdftexcmds Info: \pdfdraftmode found.
Package: pdfescape 2016/05/16 v1.14 Implements pdfTeX's escape features (HO)
Package: bigintcalc 2016/05/16 v1.4 Expandable calculations on big integers (HO
)
Package: bitset 2016/05/16 v1.2 Handle bit-vector datatype (HO)
Package: uniquecounter 2016/05/16 v1.3 Provide unlimited unique counter (HO)
)
Package hobsub Info: Skipping package `hobsub' (already loaded).
Package: letltxmacro 2016/05/16 v1.5 Let assignment for LaTeX macros (HO)
Package: hopatch 2016/05/16 v1.3 Wrapper for package hooks (HO)
Package: xcolor-patch 2016/05/16 xcolor patch
Package: atveryend 2016/05/16 v1.9 Hooks at the very end of document (HO)
Package atveryend Info: \enddocument detected (standard20110627).
Package: atbegshi 2016/06/09 v1.18 At begin shipout hook (HO)
Package: refcount 2016/05/16 v3.5 Data extraction from label references (HO)
Package: hycolor 2016/05/16 v1.8 Color options for hyperref/bookmark (HO)
)
("C:\Users\Aditya Anurag\AppData\Local\Programs\MiKTeX 2.9\tex\latex\oberdiek\a
uxhook.sty"
Package: auxhook 2016/05/16 v1.4 Hooks for auxiliary files (HO)
)
("C:\Users\Aditya Anurag\AppData\Local\Programs\MiKTeX 2.9\tex\latex\oberdiek\k
voptions.sty"
Package: kvoptions 2016/05/16 v3.12 Key value format for package options (HO)
)
\@linkdim=\dimen162
\Hy@linkcounter=\count114
\Hy@pagecounter=\count115

("C:\Users\Aditya Anurag\AppData\Local\Programs\MiKTeX 2.9\tex\latex\hyperref\p
d1enc.def"
File: pd1enc.def 2018/09/30 v6.88a Hyperref: PDFDocEncoding definition (HO)
Now handling font encoding PD1 ...
... no UTF-8 mapping file for font encoding PD1
)
\Hy@SavedSpaceFactor=\count116

("C:\Users\Aditya Anurag\AppData\Local\Programs\MiKTeX 2.9\tex\latex\00miktex\h
yperref.cfg"
File: hyperref.cfg 2002/06/06 v1.2 hyperref configuration of TeXLive
)
Package hyperref Info: Hyper figures OFF on input line 4535.
Package hyperref Info: Link nesting OFF on input line 4540.
Package hyperref Info: Hyper index ON on input line 4543.
Package hyperref Info: Plain pages OFF on input line 4550.
Package hyperref Info: Backreferencing OFF on input line 4555.
Package hyperref Info: Implicit mode ON; LaTeX internals redefined.
Package hyperref Info: Bookmarks ON on input line 4788.
\c@Hy@tempcnt=\count117

("C:\Users\Aditya Anurag\AppData\Local\Programs\MiKTeX 2.9\tex\latex\url\url.st
y"
\Urlmuskip=\muskip10
Package: url 2013/09/16  ver 3.4  Verb mode for urls, etc.
)
LaTeX Info: Redefining \url on input line 5141.
\XeTeXLinkMargin=\dimen163
\Fld@menulength=\count118
\Field@Width=\dimen164
\Fld@charsize=\dimen165
Package hyperref Info: Hyper figures OFF on input line 6396.
Package hyperref Info: Link nesting OFF on input line 6401.
Package hyperref Info: Hyper index ON on input line 6404.
Package hyperref Info: backreferencing OFF on input line 6411.
Package hyperref Info: Link coloring OFF on input line 6416.
Package hyperref Info: Link coloring with OCG OFF on input line 6421.
Package hyperref Info: PDF/A mode OFF on input line 6426.
LaTeX Info: Redefining \ref on input line 6466.
LaTeX Info: Redefining \pageref on input line 6470.
\Hy@abspage=\count119
\c@Item=\count120
\c@Hfootnote=\count121
)
Package hyperref Info: Driver (autodetected): hpdftex.

("C:\Users\Aditya Anurag\AppData\Local\Programs\MiKTeX 2.9\tex\latex\hyperref\h
pdftex.def"
File: hpdftex.def 2018/09/30 v6.88a Hyperref driver for pdfTeX
\Fld@listcount=\count122
\c@bookmark@seq@number=\count123

("C:\Users\Aditya Anurag\AppData\Local\Programs\MiKTeX 2.9\tex\latex\oberdiek\r
erunfilecheck.sty"
Package: rerunfilecheck 2016/05/16 v1.8 Rerun checks for auxiliary files (HO)
Package uniquecounter Info: New unique counter `rerunfilecheck' on input line 2
82.
)
\Hy@SectionHShift=\skip45
)
("C:\Users\Aditya Anurag\AppData\Local\Programs\MiKTeX 2.9\tex\generic\pgf\fron
tendlayer\tikz\libraries\tikzlibraryshapes.geometric.code.tex"
File: tikzlibraryshapes.geometric.code.tex 2019/02/02 v3.1.1 (3.1.1)

("C:\Users\Aditya Anurag\AppData\Local\Programs\MiKTeX 2.9\tex\generic\pgf\libr
aries\shapes\pgflibraryshapes.geometric.code.tex"
File: pgflibraryshapes.geometric.code.tex 2019/02/02 v3.1.1 (3.1.1)
))
("C:\Users\Aditya Anurag\AppData\Local\Programs\MiKTeX 2.9\tex\generic\pgf\fron
tendlayer\tikz\libraries\tikzlibraryarrows.code.tex"
File: tikzlibraryarrows.code.tex 2019/02/02 v3.1.1 (3.1.1)

("C:\Users\Aditya Anurag\AppData\Local\Programs\MiKTeX 2.9\tex\generic\pgf\libr
aries\pgflibraryarrows.code.tex"
File: pgflibraryarrows.code.tex 2019/02/02 v3.1.1 (3.1.1)
\arrowsize=\dimen166
))
("C:\Users\Aditya Anurag\AppData\Local\Programs\MiKTeX 2.9\tex\latex\fancyhdr\f
ancyhdr.sty"
Package: fancyhdr 2019/01/31 v3.10 Extensive control of page headers and footer
s
\f@nch@headwidth=\skip46
\f@nch@O@elh=\skip47
\f@nch@O@erh=\skip48
\f@nch@O@olh=\skip49
\f@nch@O@orh=\skip50
\f@nch@O@elf=\skip51
\f@nch@O@erf=\skip52
\f@nch@O@olf=\skip53
\f@nch@O@orf=\skip54
) (072BME603.aux)
\openout1 = `072BME603.aux'.

LaTeX Font Info:    Checking defaults for OML/cmm/m/it on input line 29.
LaTeX Font Info:    ... okay on input line 29.
LaTeX Font Info:    Checking defaults for T1/cmr/m/n on input line 29.
LaTeX Font Info:    ... okay on input line 29.
LaTeX Font Info:    Checking defaults for OT1/cmr/m/n on input line 29.
LaTeX Font Info:    ... okay on input line 29.
LaTeX Font Info:    Checking defaults for OMS/cmsy/m/n on input line 29.
LaTeX Font Info:    ... okay on input line 29.
LaTeX Font Info:    Checking defaults for OMX/cmex/m/n on input line 29.
LaTeX Font Info:    ... okay on input line 29.
LaTeX Font Info:    Checking defaults for U/cmr/m/n on input line 29.
LaTeX Font Info:    ... okay on input line 29.
LaTeX Font Info:    Checking defaults for PD1/pdf/m/n on input line 29.
LaTeX Font Info:    ... okay on input line 29.

*geometry* driver: auto-detecting
*geometry* detected driver: pdftex
*geometry* verbose mode - [ preamble ] result:
* driver: pdftex
* paper: <default>
* layout: <same size as paper>
* layoutoffset:(h,v)=(0.0pt,0.0pt)
* modes: 
* h-part:(L,W,R)=(72.26999pt, 469.75502pt, 72.26999pt)
* v-part:(T,H,B)=(72.26999pt, 650.43001pt, 72.26999pt)
* \paperwidth=614.295pt
* \paperheight=794.96999pt
* \textwidth=469.75502pt
* \textheight=650.43001pt
* \oddsidemargin=0.0pt
* \evensidemargin=0.0pt
* \topmargin=-37.0pt
* \headheight=12.0pt
* \headsep=25.0pt
* \topskip=11.0pt
* \footskip=30.0pt
* \marginparwidth=59.0pt
* \marginparsep=10.0pt
* \columnsep=10.0pt
* \skip\footins=10.0pt plus 4.0pt minus 2.0pt
* \hoffset=0.0pt
* \voffset=0.0pt
* \mag=1000
* \@twocolumnfalse
* \@twosidefalse
* \@mparswitchfalse
* \@reversemarginfalse
* (1in=72.27pt=25.4mm, 1cm=28.453pt)


("C:\Users\Aditya Anurag\AppData\Local\Programs\MiKTeX 2.9\tex\context\base\mki
i\supp-pdf.mkii"
[Loading MPS to PDF converter (version 2006.09.02).]
\scratchcounter=\count124
\scratchdimen=\dimen167
\scratchbox=\box41
\nofMPsegments=\count125
\nofMParguments=\count126
\everyMPshowfont=\toks34
\MPscratchCnt=\count127
\MPscratchDim=\dimen168
\MPnumerator=\count128
\makeMPintoPDFobject=\count129
\everyMPtoPDFconversion=\toks35
)
("C:\Users\Aditya Anurag\AppData\Local\Programs\MiKTeX 2.9\tex\latex\oberdiek\e
pstopdf-base.sty"
Package: epstopdf-base 2016/05/15 v2.6 Base part for package epstopdf

("C:\Users\Aditya Anurag\AppData\Local\Programs\MiKTeX 2.9\tex\latex\oberdiek\g
rfext.sty"
Package: grfext 2016/05/16 v1.2 Manage graphics extensions (HO)
)
Package epstopdf-base Info: Redefining graphics rule for `.eps' on input line 4
38.
Package grfext Info: Graphics extension search list:
(grfext)             [.pdf,.png,.jpg,.mps,.jpeg,.jbig2,.jb2,.PDF,.PNG,.JPG,.JPE
G,.JBIG2,.JB2,.eps]
(grfext)             \AppendGraphicsExtensions on input line 456.
) ABD: EveryShipout initializing macros
\AtBeginShipoutBox=\box42
Package hyperref Info: Link coloring OFF on input line 29.

("C:\Users\Aditya Anurag\AppData\Local\Programs\MiKTeX 2.9\tex\latex\hyperref\n
ameref.sty"
Package: nameref 2016/05/21 v2.44 Cross-referencing by name of section

("C:\Users\Aditya Anurag\AppData\Local\Programs\MiKTeX 2.9\tex\generic\oberdiek
\gettitlestring.sty"
Package: gettitlestring 2016/05/16 v1.5 Cleanup title references (HO)
)
\c@section@level=\count130
)
LaTeX Info: Redefining \ref on input line 29.
LaTeX Info: Redefining \pageref on input line 29.
LaTeX Info: Redefining \nameref on input line 29.
 (072BME603.out) (072BME603.out)
\@outlinefile=\write4
\openout4 = `072BME603.out'.

<TU.png, id=86, 206.7725pt x 245.91875pt>
File: TU.png Graphic file (type png)
<use TU.png>
Package pdftex.def Info: TU.png  used on input line 32.
(pdftex.def)             Requested size: 103.38599pt x 122.95906pt.
 [1

{C:/Users/Aditya Anurag/AppData/Local/MiKTeX/2.9/pdftex/config/pdftex.map} <./T
U.png>] (072BME603.toc
LaTeX Font Info:    Try loading font information for U+msa on input line 3.

("C:\Users\Aditya Anurag\AppData\Local\Programs\MiKTeX 2.9\tex\latex\amsfonts\u
msa.fd"
File: umsa.fd 2013/01/14 v3.01 AMS symbols A
)
LaTeX Font Info:    Try loading font information for U+msb on input line 3.

("C:\Users\Aditya Anurag\AppData\Local\Programs\MiKTeX 2.9\tex\latex\amsfonts\u
msb.fd"
File: umsb.fd 2013/01/14 v3.01 AMS symbols B
))
\tf@toc=\write5
\openout5 = `072BME603.toc'.

pdfTeX warning (ext4): destination with the same identifier (name{page.1}) has 
been already used, duplicate ignored
<to be read again> 
                   \relax 
l.59 \clearpage
                [1] (072BME603.lof)
\tf@lof=\write6
\openout6 = `072BME603.lof'.

 [2

]
Underfull \hbox (badness 10000) in paragraph at lines 72--74

 []


Package Fancyhdr Warning: \headheight is too small (12.0pt): 
Make it at least 13.59999pt.
We now make it that large for the rest of the document.
This may cause the page layout to be inconsistent, however.

pdfTeX warning (ext4): destination with the same identifier (name{page.1}) has 
been already used, duplicate ignored
<to be read again> 
                   \relax 
l.84 \item R
            adial blade Fan [1

]
Underfull \hbox (badness 10000) in paragraph at lines 91--99

 []

<fans.png, id=169, 469.755pt x 129.48375pt>
File: fans.png Graphic file (type png)
<use fans.png>
Package pdftex.def Info: fans.png  used on input line 101.
(pdftex.def)             Requested size: 469.75386pt x 129.48341pt.
pdfTeX warning (ext4): destination with the same identifier (name{page.2}) has 
been already used, duplicate ignored
<to be read again> 
                   \relax 
l.104 \clearpage
                 [2 <./fans.png>]
<efficiency.png, id=178, 392.21532pt x 152.82094pt>
File: efficiency.png Graphic file (type png)
<use efficiency.png>
Package pdftex.def Info: efficiency.png  used on input line 107.
(pdftex.def)             Requested size: 392.21436pt x 152.82054pt.
 [3

 <./efficiency.png>]
Underfull \hbox (badness 10000) in paragraph at lines 120--124

 []


Underfull \hbox (badness 10000) in paragraph at lines 144--144

 []


Underfull \hbox (badness 10000) in paragraph at lines 144--146

 []

[4]
<velocity.png, id=196, 201.00093pt x 130.23656pt>
File: velocity.png Graphic file (type png)
<use velocity.png>
Package pdftex.def Info: velocity.png  used on input line 155.
(pdftex.def)             Requested size: 201.00043pt x 130.23624pt.
 [5 <./velocity.png>]
Underfull \hbox (badness 10000) in paragraph at lines 171--175

 []

[6]

LaTeX Warning: No positions in optional float specifier.
               Default added (so using `tbp') on input line 193.


Underfull \hbox (badness 10000) in paragraph at lines 208--210

 []

[7]
Underfull \hbox (badness 10000) in paragraph at lines 210--211

 []


Underfull \hbox (badness 10000) in paragraph at lines 212--215

 []


Underfull \hbox (badness 10000) in paragraph at lines 216--217

 []

<pvsq.png, id=211, 418.56375pt x 260.47313pt>
File: pvsq.png Graphic file (type png)
<use pvsq.png>
Package pdftex.def Info: pvsq.png  used on input line 220.
(pdftex.def)             Requested size: 418.56271pt x 260.47249pt.
<povsq.png, id=212, 478.78876pt x 290.58563pt>
File: povsq.png Graphic file (type png)
<use povsq.png>
Package pdftex.def Info: povsq.png  used on input line 226.
(pdftex.def)             Requested size: 478.78758pt x 290.58492pt.

Overfull \hbox (9.03256pt too wide) in paragraph at lines 226--226
 [][] 
 []


LaTeX Warning: `!h' float specifier changed to `!ht'.


LaTeX Warning: No positions in optional float specifier.
               Default added (so using `tbp') on input line 231.

<orthographic.png, id=213, 514.17094pt x 368.1253pt>
File: orthographic.png Graphic file (type png)
<use orthographic.png>
Package pdftex.def Info: orthographic.png  used on input line 253.
(pdftex.def)             Requested size: 308.50494pt x 220.87688pt.

Underfull \hbox (badness 10000) in paragraph at lines 250--255

 []

[8 <./pvsq.png>] [9 <./povsq.png>] [10 <./orthographic.png>]
Underfull \hbox (badness 10000) in paragraph at lines 257--258

 []

<isometric.png, id=231, 857.45343pt x 434.37282pt>
File: isometric.png Graphic file (type png)
<use isometric.png>
Package pdftex.def Info: isometric.png  used on input line 261.
(pdftex.def)             Requested size: 428.72566pt x 217.18587pt.
<isometric2.png, id=232, 693.34032pt x 357.58594pt>
File: isometric2.png Graphic file (type png)
<use isometric2.png>
Package pdftex.def Info: isometric2.png  used on input line 268.
(pdftex.def)             Requested size: 416.0074pt x 214.5532pt.
[11

 <./isometric.png (PNG copy)> <./isometric2.png>]
Underfull \hbox (badness 10000) in paragraph at lines 278--282

 []

<inlet.png, id=238, 303.38344pt x 357.58594pt>
File: inlet.png Graphic file (type png)
<use inlet.png>
Package pdftex.def Info: inlet.png  used on input line 285.
(pdftex.def)             Requested size: 182.03146pt x 214.5532pt.
<blade.png, id=239, 299.61937pt x 361.35pt>
File: blade.png Graphic file (type png)
<use blade.png>
Package pdftex.def Info: blade.png  used on input line 292.
(pdftex.def)             Requested size: 179.77301pt x 216.81168pt.
<outlet.png, id=240, 383.18156pt x 296.60812pt>
File: outlet.png Graphic file (type png)
<use outlet.png>
Package pdftex.def Info: outlet.png  used on input line 299.
(pdftex.def)             Requested size: 229.9107pt x 177.96623pt.
<rotor.png, id=241, 362.10281pt x 360.59718pt>
File: rotor.png Graphic file (type png)
<use rotor.png>
Package pdftex.def Info: rotor.png  used on input line 307.
(pdftex.def)             Requested size: 217.26335pt x 216.35997pt.
[12] [13 <./inlet.png> <./blade.png>] [14 <./outlet.png> <./rotor.png>]
<rotormesh.png, id=258, 460.72125pt x 305.64188pt>
File: rotormesh.png Graphic file (type png)
<use rotormesh.png>
Package pdftex.def Info: rotormesh.png  used on input line 322.
(pdftex.def)             Requested size: 460.72012pt x 305.64111pt.
<inletmesh.png, id=259, 505.89pt x 310.91156pt>
File: inletmesh.png Graphic file (type png)
<use inletmesh.png>
Package pdftex.def Info: inletmesh.png  used on input line 331.
(pdftex.def)             Requested size: 505.88875pt x 310.91078pt.

Overfull \hbox (36.13373pt too wide) in paragraph at lines 331--331
 [][] 
 []

[15

 <./rotormesh.png>]
<outletmesh.png, id=265, 642.90187pt x 229.60782pt>
File: outletmesh.png Graphic file (type png)
<use outletmesh.png>
Package pdftex.def Info: outletmesh.png  used on input line 339.
(pdftex.def)             Requested size: 385.7441pt x 137.76575pt.
 [16 <./inletmesh.png> <./outletmesh.png>]
<boundary.png, id=273, 523.20468pt x 298.86656pt>
File: boundary.png Graphic file (type png)
<use boundary.png>
Package pdftex.def Info: boundary.png  used on input line 355.
(pdftex.def)             Requested size: 313.92523pt x 179.3213pt.
 [17 <./boundary.png>]
Underfull \hbox (badness 10000) in paragraph at lines 360--361

 []

<totalpressure.png, id=279, 660.21657pt x 420.06938pt>
File: totalpressure.png Graphic file (type png)
<use totalpressure.png>
Package pdftex.def Info: totalpressure.png  used on input line 367.
(pdftex.def)             Requested size: 396.133pt x 252.04358pt.
[18 <./totalpressure.png>]
<velocitycontour.png, id=285, 670.00313pt x 415.5525pt>
File: velocitycontour.png Graphic file (type png)
<use velocitycontour.png>
Package pdftex.def Info: velocitycontour.png  used on input line 374.
(pdftex.def)             Requested size: 402.00497pt x 249.33342pt.
<streamlineplot.png, id=286, 665.48625pt x 414.04688pt>
File: streamlineplot.png Graphic file (type png)
<use streamlineplot.png>
Package pdftex.def Info: streamlineplot.png  used on input line 381.
(pdftex.def)             Requested size: 399.29483pt x 248.43004pt.
 [19 <./velocitycontour.png> <./streamlineplot.png>]
Underfull \hbox (badness 10000) in paragraph at lines 386--392

 []

[20]
Package atveryend Info: Empty hook `BeforeClearDocument' on input line 397.
Package atveryend Info: Empty hook `AfterLastShipout' on input line 397.
 (072BME603.aux)
Package atveryend Info: Executing hook `AtVeryEndDocument' on input line 397.
Package atveryend Info: Executing hook `AtEndAfterFileList' on input line 397.
Package rerunfilecheck Info: File `072BME603.out' has not changed.
(rerunfilecheck)             Checksum: F5EBE59B0C66806C725458E7520026E6;1315.
Package atveryend Info: Empty hook `AtVeryVeryEnd' on input line 397.
 ) 
Here is how much of TeX's memory you used:
 17732 strings out of 492970
 347537 string characters out of 3123040
 419932 words of memory out of 3000000
 21209 multiletter control sequences out of 15000+200000
 10327 words of font info for 39 fonts, out of 3000000 for 9000
 1141 hyphenation exceptions out of 8191
 55i,12n,56p,930b,669s stack positions out of 5000i,500n,10000p,200000b,50000s
<C:/Users/Aditya Anurag/AppData/Local/Programs/MiKTeX 2.9/fonts/type1/public/
amsfonts/cm/cmbx10.pfb><C:/Users/Aditya Anurag/AppData/Local/Programs/MiKTeX 2.
9/fonts/type1/public/amsfonts/cm/cmbx12.pfb><C:/Users/Aditya Anurag/AppData/Loc
al/Programs/MiKTeX 2.9/fonts/type1/public/amsfonts/cm/cmex10.pfb><C:/Users/Adit
ya Anurag/AppData/Local/Programs/MiKTeX 2.9/fonts/type1/public/amsfonts/cm/cmmi
10.pfb><C:/Users/Aditya Anurag/AppData/Local/Programs/MiKTeX 2.9/fonts/type1/pu
blic/amsfonts/cm/cmmi8.pfb><C:/Users/Aditya Anurag/AppData/Local/Programs/MiKTe
X 2.9/fonts/type1/public/amsfonts/cm/cmr10.pfb><C:/Users/Aditya Anurag/AppData/
Local/Programs/MiKTeX 2.9/fonts/type1/public/amsfonts/cm/cmr12.pfb><C:/Users/Ad
itya Anurag/AppData/Local/Programs/MiKTeX 2.9/fonts/type1/public/amsfonts/cm/cm
r8.pfb><C:/Users/Aditya Anurag/AppData/Local/Programs/MiKTeX 2.9/fonts/type1/pu
blic/amsfonts/cm/cmsl10.pfb><C:/Users/Aditya Anurag/AppData/Local/Programs/MiKT
eX 2.9/fonts/type1/public/amsfonts/cm/cmsy10.pfb><C:/Users/Aditya Anurag/AppDat
a/Local/Programs/MiKTeX 2.9/fonts/type1/public/amsfonts/cm/cmsy8.pfb><C:/Users/
Aditya Anurag/AppData/Local/Programs/MiKTeX 2.9/fonts/type1/public/amsfonts/cm/
cmtt10.pfb>
Output written on 072BME603.pdf (23 pages, 1205971 bytes).
PDF statistics:
 352 PDF objects out of 1000 (max. 8388607)
 68 named destinations out of 1000 (max. 500000)
 273 words of extra memory for PDF output out of 10000 (max. 10000000)

