\BOOKMARK [1][-]{section.1}{Introduction}{}% 1
\BOOKMARK [2][-]{subsection.1.1}{Centrifugal Fan}{section.1}% 2
\BOOKMARK [3][-]{subsubsection.1.1.1}{Impeller}{subsection.1.1}% 3
\BOOKMARK [2][-]{subsection.1.2}{Plug Fan}{section.1}% 4
\BOOKMARK [3][-]{subsubsection.1.2.1}{Types of Centrifugal Fans}{subsection.1.2}% 5
\BOOKMARK [2][-]{subsection.1.3}{Fundamental Equation and Velocity diagram of Radial Vane Blade}{section.1}% 6
\BOOKMARK [2][-]{subsection.1.4}{Historical Background}{section.1}% 7
\BOOKMARK [2][-]{subsection.1.5}{Applications}{section.1}% 8
\BOOKMARK [1][-]{section.2}{Methodology}{}% 9
\BOOKMARK [2][-]{subsection.2.1}{1D Design}{section.2}% 10
\BOOKMARK [2][-]{subsection.2.2}{3D Design}{section.2}% 11
\BOOKMARK [2][-]{subsection.2.3}{CFD Simulation}{section.2}% 12
\BOOKMARK [3][-]{subsubsection.2.3.1}{Geometry}{subsection.2.3}% 13
\BOOKMARK [3][-]{subsubsection.2.3.2}{Meshing}{subsection.2.3}% 14
\BOOKMARK [3][-]{subsubsection.2.3.3}{Physics Setup}{subsection.2.3}% 15
\BOOKMARK [3][-]{subsubsection.2.3.4}{Solver}{subsection.2.3}% 16
\BOOKMARK [1][-]{section.3}{Results}{}% 17
\BOOKMARK [2][-]{subsection.3.1}{Contour Plot}{section.3}% 18
\BOOKMARK [2][-]{subsection.3.2}{Result Verification}{section.3}% 19
\BOOKMARK [1][-]{section.4}{Conclusion and Remarks}{}% 20
